Traceback (most recent call last):
  File "/usr/local/python/3.12.1/lib/python3.12/site-packages/jupyter_cache/executors/utils.py", line 58, in single_nb_execution
    executenb(
  File "/home/codespace/.local/lib/python3.12/site-packages/nbclient/client.py", line 1319, in execute
    return NotebookClient(nb=nb, resources=resources, km=km, **kwargs).execute()
           ^^^^^^^^^^^^^^^^^^^^^^^^^^^^^^^^^^^^^^^^^^^^^^^^^^^^^^^^^^^^^^^^^^^^^
  File "/home/codespace/.local/lib/python3.12/site-packages/jupyter_core/utils/__init__.py", line 165, in wrapped
    return loop.run_until_complete(inner)
           ^^^^^^^^^^^^^^^^^^^^^^^^^^^^^^
  File "/usr/local/python/3.12.1/lib/python3.12/asyncio/base_events.py", line 684, in run_until_complete
    return future.result()
           ^^^^^^^^^^^^^^^
  File "/home/codespace/.local/lib/python3.12/site-packages/nbclient/client.py", line 709, in async_execute
    await self.async_execute_cell(
  File "/home/codespace/.local/lib/python3.12/site-packages/nbclient/client.py", line 1062, in async_execute_cell
    await self._check_raise_for_error(cell, cell_index, exec_reply)
  File "/home/codespace/.local/lib/python3.12/site-packages/nbclient/client.py", line 918, in _check_raise_for_error
    raise CellExecutionError.from_cell_and_msg(cell, exec_reply_content)
nbclient.exceptions.CellExecutionError: An error occurred while executing the following cell:
------------------
def penjumlahan(A, B):
    hasil = []
    for i in range(len(A)):
        baris = []
        for j in range(len(A[0])):
            baris.append(A[i][j] + B[i][j])
        hasil.append(baris)
    return hasil

# Input ukuran matriks
baris = int(input("Masukkan jumlah baris: "))
kolom = int(input("Masukkan jumlah kolom: "))

# Input matriks A
print("Masukkan elemen matriks A:")
A = []
for i in range(baris):
    baris_A = []
    for j in range(kolom):
        baris_A.append(int(input(f"A: ")))
    A.append(baris_A)

# Input matriks B
print("Masukkan elemen matriks B:")
B = []
for i in range(baris):
    baris_B = []
    for j in range(kolom):
        baris_B.append(int(input(f"B: ")))
    B.append(baris_B)

# Hitung hasil penjumlahan
proses = penjumlahan(A, B)

# Cetak hasil
print("Hasil penjumlahan matriks:")
for baris in proses:
    print(baris)
------------------


[31m---------------------------------------------------------------------------[39m
[31mStdinNotImplementedError[39m                  Traceback (most recent call last)
[36mCell[39m[36m [39m[32mIn[1][39m[32m, line 11[39m
[32m      8[39m     [38;5;28;01mreturn[39;00m hasil
[32m     10[39m [38;5;66;03m# Input ukuran matriks[39;00m
[32m---> [39m[32m11[39m baris = [38;5;28mint[39m([38;5;28;43minput[39;49m[43m([49m[33;43m"[39;49m[33;43mMasukkan jumlah baris: [39;49m[33;43m"[39;49m[43m)[49m)
[32m     12[39m kolom = [38;5;28mint[39m([38;5;28minput[39m([33m"[39m[33mMasukkan jumlah kolom: [39m[33m"[39m))
[32m     14[39m [38;5;66;03m# Input matriks A[39;00m

[36mFile [39m[32m~/.local/lib/python3.12/site-packages/ipykernel/kernelbase.py:1281[39m, in [36mKernel.raw_input[39m[34m(self, prompt)[39m
[32m   1279[39m [38;5;28;01mif[39;00m [38;5;129;01mnot[39;00m [38;5;28mself[39m._allow_stdin:
[32m   1280[39m     msg = [33m"[39m[33mraw_input was called, but this frontend does not support input requests.[39m[33m"[39m
[32m-> [39m[32m1281[39m     [38;5;28;01mraise[39;00m StdinNotImplementedError(msg)
[32m   1282[39m [38;5;28;01mreturn[39;00m [38;5;28mself[39m._input_request(
[32m   1283[39m     [38;5;28mstr[39m(prompt),
[32m   1284[39m     [38;5;28mself[39m._parent_ident[[33m"[39m[33mshell[39m[33m"[39m],
[32m   1285[39m     [38;5;28mself[39m.get_parent([33m"[39m[33mshell[39m[33m"[39m),
[32m   1286[39m     password=[38;5;28;01mFalse[39;00m,
[32m   1287[39m )

[31mStdinNotImplementedError[39m: raw_input was called, but this frontend does not support input requests.

